Build started 02.12.2011 03:50:27.
     1>Project "F:\GameDev\Game\OpenGLProject\OpenGLProject.vcxproj" on node 2 (build target(s)).
     1>PrepareForBuild:
         Creating directory "F:\GameDev\Debug\".
       InitializeBuildStatus:
         Creating "Debug\OpenGLProject.unsuccessfulbuild" because "AlwaysCreate" was specified.
       ClCompile:
         J:\Program Files\Microsoft Visual Studio 10.0\VC\bin\CL.exe /c /I..\..\include /ZI /nologo /W3 /WX- /Od /Oy- /D WIN32 /D _DEBUG /D _CONSOLE /D _UNICODE /D UNICODE /Gm /EHsc /RTC1 /MDd /GS /fp:precise /Zc:wchar_t /Zc:forScope /Yc"StdAfx.h" /Fp"Debug\OpenGLProject.pch" /Fo"Debug\\" /Fd"Debug\vc100.pdb" /Gd /TP /analyze- /errorReport:prompt stdafx.cpp
         stdafx.cpp
         J:\Program Files\Microsoft Visual Studio 10.0\VC\bin\CL.exe /c /I..\..\include /ZI /nologo /W3 /WX- /Od /Oy- /D WIN32 /D _DEBUG /D _CONSOLE /D _UNICODE /D UNICODE /Gm /EHsc /RTC1 /MDd /GS /fp:precise /Zc:wchar_t /Zc:forScope /Yu"StdAfx.h" /Fp"Debug\OpenGLProject.pch" /Fo"Debug\\" /Fd"Debug\vc100.pdb" /Gd /TP /analyze- /errorReport:prompt Camera.cpp GameManager.cpp InputManager.cpp Main.cpp Shader.cpp
         Shader.cpp
     1>f:\gamedev\game\openglproject\shader.h(9): fatal error C1083: Cannot open include file: 'GL/glew.h': No such file or directory
         Main.cpp
     1>f:\gamedev\game\openglproject\main.cpp(5): fatal error C1083: Cannot open include file: 'GL/glew.h': No such file or directory
         InputManager.cpp
     1>f:\gamedev\game\openglproject\shader.h(9): fatal error C1083: Cannot open include file: 'GL/glew.h': No such file or directory
         GameManager.cpp
     1>f:\gamedev\game\openglproject\gamemanager.cpp(3): fatal error C1083: Cannot open include file: 'glm/glm.hpp': No such file or directory
         Camera.cpp
     1>f:\gamedev\game\openglproject\camera.cpp(5): fatal error C1083: Cannot open include file: 'GL/glew.h': No such file or directory
         Generating Code...
     1>Done Building Project "F:\GameDev\Game\OpenGLProject\OpenGLProject.vcxproj" (build target(s)) -- FAILED.

Build FAILED.

Time Elapsed 00:00:04.17
